<?xml version="1.0" encoding="UTF-8"?>
<!-- Generated by org.testng.reporters.JUnitReportReporter -->
<testsuite hostname="ANIKET" failures="0" tests="4" name="com.SauceDemo.TestClasses.TC01_LoginCheck" time="128.565" errors="0" timestamp="2022-05-29T21:20:56 IST" skipped="0">
  <testcase classname="com.SauceDemo.TestClasses.TC01_LoginCheck" name="TC01" time="16.207"/>
  <system-out/>
  <testcase classname="com.SauceDemo.TestClasses.TC01_LoginCheck" name="TC02" time="47.537"/>
  <system-out/>
  <testcase classname="com.SauceDemo.TestClasses.TC01_LoginCheck" name="TC01" time="17.558"/>
  <system-out/>
  <testcase classname="com.SauceDemo.TestClasses.TC01_LoginCheck" name="TC02" time="47.263"/>
  <system-out/>
</testsuite> <!-- com.SauceDemo.TestClasses.TC01_LoginCheck -->
