<?xml version="1.0" encoding="UTF-8"?>
<!-- Generated by org.testng.reporters.JUnitReportReporter -->
<testsuite hostname="ANIKET" failures="0" tests="1" name="com.SauceDemo.TestClasses.SampleClass1" time="6.976" errors="0" timestamp="2022-05-31T15:47:58 IST" skipped="0">
  <testcase classname="com.SauceDemo.TestClasses.SampleClass1" name="verifyTitle" time="6.976"/>
  <system-out/>
</testsuite> <!-- com.SauceDemo.TestClasses.SampleClass1 -->
